{
  "RSpec": {
    "coverage": {
      "/Users/rjyoung/Dev/rcos/yacs/spec/support/factory_girl.rb": [
        null,
        null,
        1,
        null,
        null
      ],
      "/Users/rjyoung/Dev/rcos/yacs/spec/support/model_helpers.rb": [
        1,
        1,
        1,
        12,
        null,
        null,
        null
      ],
      "/Users/rjyoung/Dev/rcos/yacs/spec/support/request_helpers.rb": [
        1,
        1,
        1,
        1122,
        null,
        1,
        0,
        0,
        0,
        null,
        null,
        null
      ],
      "/Users/rjyoung/Dev/rcos/yacs/spec/models/department_spec.rb": [
        1,
        null,
        1,
        1,
        1,
        4,
        null,
        null,
        1,
        1,
        null,
        null,
        1,
        1,
        null,
        null,
        1,
        1,
        1,
        1,
        null,
        null,
        1,
        1,
        1,
        null,
        null,
        1,
        1,
        null,
        null,
        null,
        null,
        1,
        1,
        1,
        null,
        null
      ],
      "/Users/rjyoung/Dev/rcos/yacs/spec/models/scheduler_spec.rb": [
        1,
        null,
        null,
        null,
        null,
        null,
        null,
        null,
        null,
        null,
        null,
        null,
        null,
        null,
        null,
        null,
        null,
        9,
        1,
        8,
        8,
        36,
        8,
        8,
        8,
        8,
        1956,
        null,
        null,
        null,
        null
      ],
      "/Users/rjyoung/Dev/rcos/yacs/spec/requests/api/v5/courses_spec.rb": [
        1,
        7,
        18,
        126,
        null,
        18,
        10,
        50,
        50,
        25,
        null,
        25,
        null,
        null,
        null,
        8,
        null,
        null,
        null,
        null,
        1,
        1,
        1,
        7,
        7,
        35,
        null,
        7,
        21,
        28,
        null,
        1,
        1,
        1,
        null,
        null,
        1,
        1,
        1,
        1,
        null,
        null,
        1,
        1,
        1,
        1,
        null,
        null,
        1,
        1,
        1,
        1,
        null,
        null,
        1,
        1,
        1,
        1,
        null,
        null,
        1,
        1,
        1,
        null,
        null,
        1,
        1,
        1,
        null,
        null,
        null
      ],
      "/Users/rjyoung/Dev/rcos/yacs/spec/requests/api/v5/departments_spec.rb": [
        1,
        6,
        20,
        80,
        null,
        20,
        5,
        25,
        null,
        null,
        15,
        null,
        null,
        null,
        null,
        1,
        1,
        1,
        6,
        6,
        30,
        null,
        6,
        18,
        24,
        null,
        null,
        1,
        1,
        1,
        null,
        null,
        1,
        1,
        1,
        1,
        null,
        null,
        1,
        1,
        1,
        1,
        null,
        null,
        1,
        1,
        1,
        1,
        null,
        null,
        1,
        1,
        1,
        1,
        null,
        null,
        1,
        1,
        1,
        null,
        null,
        null
      ],
      "/Users/rjyoung/Dev/rcos/yacs/spec/requests/api/v5/schedules_spec.rb": [
        1,
        1,
        1,
        1,
        1,
        5,
        null,
        null,
        1,
        25,
        1,
        1,
        1,
        360,
        360,
        360,
        1440,
        1440,
        null,
        360,
        360,
        360,
        null,
        1,
        null,
        null,
        null,
        1,
        1,
        1,
        1,
        8,
        null,
        null,
        1,
        43,
        1,
        1,
        null,
        null,
        null,
        1,
        1,
        1,
        1,
        1,
        null,
        null,
        null
      ],
      "/Users/rjyoung/Dev/rcos/yacs/spec/requests/api/v5/schools_spec.rb": [
        1,
        4,
        68,
        13,
        13,
        13,
        null,
        13,
        5,
        25,
        null,
        null,
        8,
        null,
        null,
        null,
        null,
        1,
        1,
        1,
        4,
        4,
        20,
        null,
        null,
        null,
        1,
        1,
        1,
        null,
        null,
        1,
        1,
        1,
        1,
        null,
        null,
        1,
        1,
        1,
        1,
        null,
        null,
        1,
        1,
        1,
        null,
        null,
        null
      ],
      "/Users/rjyoung/Dev/rcos/yacs/spec/requests/api/v5/sections_spec.rb": [
        1,
        6,
        69,
        483,
        null,
        69,
        24,
        56,
        56,
        56,
        56,
        null,
        null,
        45,
        null,
        null,
        null,
        null,
        1,
        1,
        1,
        6,
        null,
        null,
        1,
        1,
        1,
        null,
        null,
        1,
        1,
        1,
        1,
        null,
        null,
        1,
        1,
        1,
        1,
        null,
        null,
        1,
        1,
        1,
        1,
        null,
        null,
        1,
        1,
        1,
        1,
        null,
        null,
        1,
        1,
        1,
        null,
        null,
        null
      ],
      "/Users/rjyoung/Dev/rcos/yacs/app/controllers/api/v5/api_controller.rb": [
        1,
        1,
        1,
        1,
        1,
        1,
        1,
        1,
        null,
        1,
        null,
        1,
        1,
        1,
        null,
        1,
        null,
        1,
        1,
        26,
        26,
        26,
        26,
        null,
        null,
        1,
        1,
        8,
        null,
        null,
        1,
        16,
        null,
        null,
        1,
        23,
        null,
        null,
        1,
        112,
        null,
        null,
        1,
        23,
        98,
        14,
        null,
        null,
        null,
        null
      ],
      "/Users/rjyoung/Dev/rcos/yacs/lib/scheduler.rb": [
        1,
        1,
        11,
        11,
        11,
        11,
        null,
        null,
        1,
        8345,
        8343,
        6027,
        36162,
        36162,
        112758,
        27828,
        27828,
        null,
        null,
        36162,
        8334,
        8334,
        null,
        null,
        null,
        2316,
        null,
        null,
        null,
        1,
        2316,
        11226,
        56646,
        null,
        null,
        2316,
        null,
        null,
        1,
        11,
        11,
        234,
        234,
        234,
        null,
        null,
        11,
        null,
        null
      ],
      "/Users/rjyoung/Dev/rcos/yacs/app/controllers/api/v5/courses_controller.rb": [
        1,
        8,
        0,
        null,
        1,
        7,
        0,
        null,
        7,
        7,
        0,
        null,
        7,
        0,
        null,
        7,
        7,
        null,
        null,
        null
      ],
      "/Users/rjyoung/Dev/rcos/yacs/app/controllers/api/v5/departments_controller.rb": [
        1,
        1,
        6,
        6,
        6,
        1,
        1,
        null,
        null,
        null
      ],
      "/Users/rjyoung/Dev/rcos/yacs/app/controllers/api/v5/schedules_controller.rb": [
        1,
        1,
        3,
        2,
        2,
        null,
        1,
        null,
        3,
        null,
        null
      ],
      "/Users/rjyoung/Dev/rcos/yacs/app/controllers/api/v5/schools_controller.rb": [
        1,
        1,
        4,
        4,
        4,
        1,
        1,
        null,
        4,
        null,
        null
      ],
      "/Users/rjyoung/Dev/rcos/yacs/app/controllers/api/v5/sections_controller.rb": [
        1,
        1,
        6,
        6,
        null,
        null
      ]
    },
    "timestamp": 1468131964
  },
  "Cucumber Features": {
    "coverage": {
      "/Users/rjyoung/Dev/rcos/yacs/features/support/hooks.rb": [
        1,
        0,
        0,
        null,
        null,
        1,
        0,
        null,
        null,
        null,
        null,
        null
      ],
      "/Users/rjyoung/Dev/rcos/yacs/features/support/paths.rb": [
        1,
        null,
        null,
        null,
        null,
        null,
        null,
        1,
        6,
        null,
        null,
        6,
        null,
        null,
        null,
        null,
        0,
        null,
        null,
        0,
        null,
        null,
        0,
        null,
        null,
        0,
        null,
        null,
        null,
        null,
        null,
        null,
        null,
        null,
        0,
        0,
        0,
        0,
        0,
        0,
        null,
        null,
        null,
        null,
        null,
        null,
        1
      ],
      "/Users/rjyoung/Dev/rcos/yacs/features/support/pickle.rb": [
        null,
        null,
        null,
        null,
        null,
        null,
        null,
        null,
        null,
        null,
        null,
        null,
        null,
        null,
        null,
        null,
        null,
        null,
        1,
        null,
        null,
        null,
        null,
        null,
        null,
        1,
        null
      ],
      "/Users/rjyoung/Dev/rcos/yacs/features/step_definitions/home_page_steps.rb": [
        1,
        6,
        null,
        null,
        1,
        1,
        null,
        null,
        1,
        3,
        3,
        3,
        null,
        null,
        1,
        1,
        1,
        null,
        null,
        1,
        3,
        3,
        null,
        null,
        1,
        5,
        5,
        null,
        null,
        1,
        2,
        2,
        null,
        null,
        1,
        1,
        null
      ],
      "/Users/rjyoung/Dev/rcos/yacs/features/step_definitions/pickle_steps.rb": [
        null,
        null,
        null,
        null,
        1,
        0,
        null,
        null,
        null,
        1,
        0,
        null,
        null,
        null,
        1,
        12,
        null,
        null,
        1,
        1,
        null,
        null,
        1,
        3,
        3,
        3,
        3,
        3,
        18,
        18,
        null,
        3,
        null,
        null,
        null,
        null,
        1,
        0,
        null,
        null,
        null,
        1,
        0,
        null,
        null,
        null,
        1,
        0,
        null,
        null,
        null,
        1,
        0,
        null,
        null,
        null,
        1,
        0,
        null,
        null,
        null,
        1,
        0,
        null,
        null,
        null,
        1,
        0,
        null,
        null,
        null,
        1,
        0,
        null,
        null,
        null,
        1,
        0,
        null,
        null,
        null,
        1,
        0,
        null,
        null,
        null,
        1,
        0,
        0,
        null,
        0,
        null,
        null,
        null,
        null,
        1,
        0,
        0,
        null,
        0,
        null,
        null,
        null,
        null,
        null,
        1,
        0,
        0,
        null,
        0,
        null,
        0,
        null,
        0,
        null,
        0,
        null,
        null,
        null,
        null,
        1,
        0,
        null
      ],
      "/Users/rjyoung/Dev/rcos/yacs/features/step_definitions/schedule_page_steps.rb": [
        1,
        4,
        null,
        null,
        1,
        2,
        null,
        null,
        1,
        6,
        6,
        null,
        null,
        1,
        4,
        4,
        null
      ],
      "/Users/rjyoung/Dev/rcos/yacs/features/step_definitions/web_steps.rb": [
        1,
        null,
        10,
        null,
        null,
        1,
        2,
        null
      ],
      "/Users/rjyoung/Dev/rcos/yacs/app/controllers/api/v5/api_controller.rb": [
        1,
        1,
        1,
        1,
        1,
        1,
        1,
        1,
        null,
        1,
        null,
        1,
        1,
        1,
        null,
        1,
        null,
        1,
        1,
        14,
        14,
        14,
        14,
        null,
        null,
        1,
        1,
        18,
        null,
        null,
        1,
        8,
        null,
        null,
        1,
        12,
        null,
        null,
        1,
        60,
        null,
        null,
        1,
        12,
        48,
        4,
        null,
        null,
        null,
        null
      ],
      "/Users/rjyoung/Dev/rcos/yacs/app/controllers/static_controller.rb": [
        1,
        1,
        null
      ],
      "/Users/rjyoung/Dev/rcos/yacs/app/controllers/application_controller.rb": [
        1,
        null,
        null,
        1,
        null
      ],
      "/Users/rjyoung/Dev/rcos/yacs/app/helpers/application_helper.rb": [
        1,
        null
      ],
      "/Users/rjyoung/Dev/rcos/yacs/app/controllers/api/v5/schools_controller.rb": [
        1,
        1,
        6,
        6,
        6,
        6,
        6,
        null,
        6,
        null,
        null
      ],
      "/Users/rjyoung/Dev/rcos/yacs/app/controllers/api/v5/courses_controller.rb": [
        1,
        7,
        4,
        null,
        1,
        6,
        0,
        null,
        6,
        6,
        2,
        null,
        6,
        0,
        null,
        6,
        6,
        null,
        null,
        null
      ],
      "/Users/rjyoung/Dev/rcos/yacs/app/controllers/api/v5/schedules_controller.rb": [
        1,
        1,
        2,
        2,
        2,
        null,
        0,
        null,
        2,
        null,
        null
      ],
      "/Users/rjyoung/Dev/rcos/yacs/lib/scheduler.rb": [
        1,
        1,
        2,
        2,
        2,
        2,
        null,
        null,
        1,
        4,
        4,
        3,
        3,
        3,
        1,
        1,
        1,
        null,
        null,
        3,
        2,
        2,
        null,
        null,
        null,
        1,
        null,
        null,
        null,
        1,
        0,
        0,
        0,
        null,
        null,
        0,
        null,
        null,
        1,
        2,
        2,
        3,
        3,
        3,
        null,
        null,
        2,
        null,
        null
      ]
    },
    "timestamp": 1468175139
  }
}
