{
  "RSpec": {
    "coverage": {
    },
    "timestamp": 1468130214
  },
  "Cucumber Features": {
    "coverage": {
      "/Users/rjyoung/Dev/rcos/yacs/features/support/hooks.rb": [
        1,
        0,
        0,
        null,
        null,
        1,
        62,
        null,
        null,
        1,
        5,
        null
      ],
      "/Users/rjyoung/Dev/rcos/yacs/features/support/paths.rb": [
        1,
        null,
        null,
        null,
        null,
        null,
        null,
        1,
        6,
        null,
        null,
        6,
        null,
        null,
        null,
        null,
        0,
        null,
        null,
        0,
        null,
        null,
        0,
        null,
        null,
        0,
        null,
        null,
        null,
        null,
        null,
        null,
        null,
        null,
        0,
        0,
        0,
        0,
        0,
        0,
        null,
        null,
        null,
        null,
        null,
        null,
        1
      ],
      "/Users/rjyoung/Dev/rcos/yacs/features/support/pickle.rb": [
        null,
        null,
        null,
        null,
        null,
        null,
        null,
        null,
        null,
        null,
        null,
        null,
        null,
        null,
        null,
        null,
        null,
        null,
        1,
        null,
        null,
        null,
        null,
        null,
        null,
        1,
        null
      ],
      "/Users/rjyoung/Dev/rcos/yacs/features/step_definitions/home_page_steps.rb": [
        1,
        6,
        null,
        null,
        1,
        1,
        null,
        null,
        1,
        3,
        3,
        3,
        null,
        null,
        1,
        1,
        1,
        null,
        null,
        1,
        3,
        3,
        null,
        null,
        1,
        5,
        5,
        null,
        null,
        1,
        2,
        2,
        null,
        null,
        1,
        0,
        null
      ],
      "/Users/rjyoung/Dev/rcos/yacs/features/step_definitions/pickle_steps.rb": [
        null,
        null,
        null,
        null,
        1,
        0,
        null,
        null,
        null,
        1,
        0,
        null,
        null,
        null,
        1,
        12,
        null,
        null,
        1,
        1,
        null,
        null,
        1,
        3,
        3,
        3,
        3,
        3,
        18,
        18,
        null,
        3,
        null,
        null,
        null,
        null,
        1,
        0,
        null,
        null,
        null,
        1,
        0,
        null,
        null,
        null,
        1,
        0,
        null,
        null,
        null,
        1,
        0,
        null,
        null,
        null,
        1,
        0,
        null,
        null,
        null,
        1,
        0,
        null,
        null,
        null,
        1,
        0,
        null,
        null,
        null,
        1,
        0,
        null,
        null,
        null,
        1,
        0,
        null,
        null,
        null,
        1,
        0,
        null,
        null,
        null,
        1,
        0,
        0,
        null,
        0,
        null,
        null,
        null,
        null,
        1,
        0,
        0,
        null,
        0,
        null,
        null,
        null,
        null,
        null,
        1,
        0,
        0,
        null,
        0,
        null,
        0,
        null,
        0,
        null,
        0,
        null,
        null,
        null,
        null,
        1,
        0,
        null
      ],
      "/Users/rjyoung/Dev/rcos/yacs/features/step_definitions/schedule_page_steps.rb": [
        1,
        4,
        null,
        null,
        1,
        2,
        null,
        null,
        1,
        6,
        6,
        null,
        null,
        1,
        4,
        4,
        null
      ],
      "/Users/rjyoung/Dev/rcos/yacs/features/step_definitions/web_steps.rb": [
        1,
        10,
        null,
        null,
        1,
        2,
        null
      ],
      "/Users/rjyoung/Dev/rcos/yacs/app/controllers/api/v5/api_controller.rb": [
        1,
        1,
        1,
        1,
        1,
        1,
        1,
        1,
        null,
        1,
        null,
        1,
        1,
        1,
        null,
        1,
        null,
        1,
        1,
        14,
        14,
        14,
        14,
        null,
        null,
        1,
        1,
        18,
        null,
        null,
        1,
        8,
        null,
        null,
        1,
        12,
        null,
        null,
        1,
        60,
        null,
        null,
        1,
        12,
        48,
        4,
        null,
        null,
        null,
        null
      ],
      "/Users/rjyoung/Dev/rcos/yacs/app/controllers/static_controller.rb": [
        1,
        1,
        null
      ],
      "/Users/rjyoung/Dev/rcos/yacs/app/controllers/application_controller.rb": [
        1,
        null,
        null,
        1,
        null
      ],
      "/Users/rjyoung/Dev/rcos/yacs/app/helpers/application_helper.rb": [
        1,
        null
      ],
      "/Users/rjyoung/Dev/rcos/yacs/app/controllers/api/v5/schools_controller.rb": [
        1,
        1,
        6,
        6,
        6,
        6,
        6,
        null,
        6,
        null,
        null
      ],
      "/Users/rjyoung/Dev/rcos/yacs/app/controllers/api/v5/courses_controller.rb": [
        1,
        7,
        4,
        null,
        1,
        6,
        0,
        null,
        6,
        6,
        2,
        null,
        6,
        0,
        null,
        6,
        6,
        null,
        null,
        null
      ],
      "/Users/rjyoung/Dev/rcos/yacs/app/controllers/api/v5/schedules_controller.rb": [
        1,
        1,
        2,
        2,
        2,
        null,
        0,
        null,
        2,
        null,
        null
      ],
      "/Users/rjyoung/Dev/rcos/yacs/lib/scheduler.rb": [
        1,
        1,
        2,
        2,
        2,
        2,
        null,
        null,
        1,
        4,
        4,
        3,
        3,
        3,
        1,
        1,
        1,
        null,
        null,
        3,
        2,
        2,
        null,
        null,
        null,
        1,
        null,
        null,
        null,
        1,
        0,
        0,
        0,
        null,
        null,
        0,
        null,
        null,
        1,
        2,
        2,
        3,
        3,
        3,
        null,
        null,
        2,
        null,
        null
      ]
    },
    "timestamp": 1468129488
  }
}
